=== 2026-07-17 16:20:13 ===
$ .venv/bin/pip install polars
Collecting polars
  Using cached polars-1.42.1-py3-none-any.whl.metadata (10 kB)
Collecting polars-runtime-32==1.42.1 (from polars)
  Using cached polars_runtime_32-1.42.1-cp310-abi3-macosx_11_0_arm64.whl.metadata (1.5 kB)
Using cached polars-1.42.1-py3-none-any.whl (837 kB)
Using cached polars_runtime_32-1.42.1-cp310-abi3-macosx_11_0_arm64.whl (47.4 MB)
Installing collected packages: polars-runtime-32, polars

Successfully installed polars-1.42.1 polars-runtime-32-1.42.1
=== 2026-07-17 16:22:43 ===
$ jupyter nbconvert --to notebook --execute --inplace notebook/taxi.ipynb
[NbConvertApp] Converting notebook notebook/taxi.ipynb to notebook
[NbConvertApp] ERROR | Notebook JSON is invalid: Additional properties are not allowed ('execution_count', 'outputs' were unexpected)

Failed validating 'additionalProperties' in markdown_cell:

On instance['cells'][0]:
{'cell_type': 'markdown',
 'execution_count': None,
 'id': 'initial_id',
 'metadata': {'ExecuteTime': {'end_time': '2026-07-17T06:39:01.458412Z',
                              'start_time': '2026-07-17T06:39:01.441308Z'},
              'collapsed': True},
 'outputs': ['...0 outputs...'],
 'source': '# NYC Yellow Taxi 2026-05 — 데이터 로딩 비교 & EDA\n'
           '\n'
           '1. Pandas vs Polars...'}
[IPKernelApp] WARNING | Kernel is running over TCP without encryption. All communication (including code and outputs) is sent in plain text and is susceptible to eavesdropping. Use IPC transport or launch with kernel manager-provisioned CurveZMQ keys to enable transport encryption.
[NbConvertApp] Writing 239136 bytes to notebook/taxi.ipynb
=== 2026-07-17 16:24:15 ===
$ jupyter nbconvert --to notebook --execute --inplace notebook/taxi.ipynb (재실행, JSON 정합성 수정 후)
[NbConvertApp] Converting notebook notebook/taxi.ipynb to notebook
[IPKernelApp] WARNING | Kernel is running over TCP without encryption. All communication (including code and outputs) is sent in plain text and is susceptible to eavesdropping. Use IPC transport or launch with kernel manager-provisioned CurveZMQ keys to enable transport encryption.
[NbConvertApp] Writing 239083 bytes to notebook/taxi.ipynb
=== 2026-07-17 16:29:41 ===
$ jupyter nbconvert --to notebook --execute --inplace notebook/taxi.ipynb (timeit 적용 후 재실행)
[NbConvertApp] Converting notebook notebook/taxi.ipynb to notebook
[IPKernelApp] WARNING | Kernel is running over TCP without encryption. All communication (including code and outputs) is sent in plain text and is susceptible to eavesdropping. Use IPC transport or launch with kernel manager-provisioned CurveZMQ keys to enable transport encryption.
[NbConvertApp] Writing 239715 bytes to notebook/taxi.ipynb
=== 2026-07-17 16:39:18 ===
$ jupyter nbconvert --to notebook --execute --inplace notebook/taxi.ipynb (print -> logger 교체 후 재실행)
[NbConvertApp] Converting notebook notebook/taxi.ipynb to notebook
[IPKernelApp] WARNING | Kernel is running over TCP without encryption. All communication (including code and outputs) is sent in plain text and is susceptible to eavesdropping. Use IPC transport or launch with kernel manager-provisioned CurveZMQ keys to enable transport encryption.
[NbConvertApp] Writing 241645 bytes to notebook/taxi.ipynb
=== 2026-07-17 17:02:35 ===
$ jupyter nbconvert --to notebook --execute --inplace notebook/taxi.ipynb (DataFrame 출력 셀 logger 추가 후 재실행)
[NbConvertApp] Converting notebook notebook/taxi.ipynb to notebook
[IPKernelApp] WARNING | Kernel is running over TCP without encryption. All communication (including code and outputs) is sent in plain text and is susceptible to eavesdropping. Use IPC transport or launch with kernel manager-provisioned CurveZMQ keys to enable transport encryption.
[NbConvertApp] Writing 247422 bytes to notebook/taxi.ipynb
=== 2026-07-17 17:33:50 ===
$ jupyter nbconvert --to notebook --execute --inplace notebook/taxi.ipynb (STEP1~11 파이프라인 추가 후 재실행)
[NbConvertApp] Converting notebook notebook/taxi.ipynb to notebook
[IPKernelApp] WARNING | Kernel is running over TCP without encryption. All communication (including code and outputs) is sent in plain text and is susceptible to eavesdropping. Use IPC transport or launch with kernel manager-provisioned CurveZMQ keys to enable transport encryption.
[NbConvertApp] Writing 273563 bytes to notebook/taxi.ipynb
